<?xml version="1.0" encoding="UTF-8"?>
<!-- Generated by org.testng.reporters.JUnitXMLReporter -->
<testsuite ignored="1" hostname="ILPT819" failures="0" tests="1" name="Default test" time="32.521" errors="0" timestamp="2020-11-06T11:09:35 IST">
  <testcase classname="TestCases.RunTestCases" name="LoginTestCase2" time="32.372"/>
  <testcase classname="TestCases.RunTestCases" name="LoginTestCase1" time="0.0">
    <ignored/>
  </testcase> <!-- LoginTestCase1 -->
</testsuite> <!-- Default test -->
