<?xml version="1.0" encoding="UTF-8"?>
<!-- Generated by org.testng.reporters.JUnitXMLReporter -->
<testsuite ignored="1" hostname="ILPT819" failures="0" tests="1" name="Run Test Cases" time="132.698" errors="0" timestamp="2020-11-06T11:28:16 IST">
  <testcase classname="TestCases.RunTestCases" name="LoginTestCase2" time="126.345"/>
  <testcase classname="TestCases.RunTestCases" name="LoginTestCase1" time="0.0">
    <ignored/>
  </testcase> <!-- LoginTestCase1 -->
</testsuite> <!-- Run Test Cases -->
